[0m21:02:22.210430 [debug] [MainThread]: Sending event: {'category': 'dbt', 'action': 'invocation', 'label': 'start', 'context': [<snowplow_tracker.self_describing_json.SelfDescribingJson object at 0x71ad5390ba40>, <snowplow_tracker.self_describing_json.SelfDescribingJson object at 0x71ad533fe6c0>, <snowplow_tracker.self_describing_json.SelfDescribingJson object at 0x71ad5530f7a0>]}


============================== 21:02:22.223323 | 96cb5888-62ac-4924-94da-d0d575b8313d ==============================
[0m21:02:22.223323 [info ] [MainThread]: Running with dbt=1.11.7
[0m21:02:22.225494 [debug] [MainThread]: running dbt with arguments {'profiles_dir': '/home/codespace/.dbt', 'version_check': 'True', 'debug': 'False', 'use_experimental_parser': 'False', 'warn_error_options': 'WarnErrorOptionsV2(error=[], warn=[], silence=[])', 'send_anonymous_usage_stats': 'True', 'cache_selected_only': 'False', 'target_path': 'None', 'use_colors': 'True', 'static_parser': 'True', 'empty': 'None', 'log_path': 'logs', 'printer_width': '80', 'partial_parse': 'True', 'quiet': 'False', 'write_json': 'True', 'no_print': 'None', 'indirect_selection': 'eager', 'log_format': 'default', 'warn_error': 'None', 'log_cache_events': 'False', 'invocation_command': 'dbt init supply_chain_dbt', 'introspect': 'True', 'fail_fast': 'False'}
[0m21:02:22.274724 [info ] [MainThread]: Creating dbt configuration folder at /home/codespace/.dbt
[0m21:02:22.288576 [debug] [MainThread]: Starter project path: /usr/local/python/3.12.1/lib/python3.12/site-packages/dbt/include/starter_project
[0m21:02:22.313035 [info ] [MainThread]: 
Your new dbt project "supply_chain_dbt" was created!

For more information on how to configure the profiles.yml file,
please consult the dbt documentation here:

  https://docs.getdbt.com/docs/configure-your-profile

One more thing:

Need help? Don't hesitate to reach out to us via GitHub issues or on Slack:

  https://community.getdbt.com/

Happy modeling!

[0m21:02:22.314563 [info ] [MainThread]: Setting up your profile.
[0m21:06:40.956546 [info ] [MainThread]: Profile supply_chain_dbt written to /home/codespace/.dbt/profiles.yml using target's profile_template.yml and your supplied values. Run 'dbt debug' to validate the connection.
[0m21:06:40.957809 [debug] [MainThread]: Resource report: {"command_name": "init", "command_success": true, "command_wall_clock_time": 258.82535, "process_in_blocks": "7312", "process_kernel_time": 0.58595, "process_mem_max_rss": "242652", "process_out_blocks": "80", "process_user_time": 4.540864}
[0m21:06:40.959030 [debug] [MainThread]: Command `dbt init` succeeded at 21:06:40.958858 after 258.83 seconds
[0m21:06:40.959545 [debug] [MainThread]: Sending event: {'category': 'dbt', 'action': 'invocation', 'label': 'end', 'context': [<snowplow_tracker.self_describing_json.SelfDescribingJson object at 0x71ad5328baa0>, <snowplow_tracker.self_describing_json.SelfDescribingJson object at 0x71ad3ae03ce0>, <snowplow_tracker.self_describing_json.SelfDescribingJson object at 0x71ad3adaa8a0>]}
[0m21:06:40.960110 [debug] [MainThread]: Flushing usage events
[0m21:06:41.263949 [debug] [MainThread]: An error was encountered while trying to flush usage events
[0m21:14:59.786505 [debug] [MainThread]: Sending event: {'category': 'dbt', 'action': 'invocation', 'label': 'start', 'context': [<snowplow_tracker.self_describing_json.SelfDescribingJson object at 0x75d09964a540>, <snowplow_tracker.self_describing_json.SelfDescribingJson object at 0x75d0986924e0>, <snowplow_tracker.self_describing_json.SelfDescribingJson object at 0x75d09a6e7d70>]}


============================== 21:14:59.791897 | bfa48687-4eab-479f-a25c-cf597b00d5a1 ==============================
[0m21:14:59.791897 [info ] [MainThread]: Running with dbt=1.11.7
[0m21:14:59.793021 [debug] [MainThread]: running dbt with arguments {'log_path': 'logs', 'version_check': 'True', 'use_experimental_parser': 'False', 'no_print': 'None', 'fail_fast': 'False', 'target_path': 'None', 'partial_parse': 'True', 'invocation_command': 'dbt debug', 'quiet': 'False', 'cache_selected_only': 'False', 'warn_error_options': 'WarnErrorOptionsV2(error=[], warn=[], silence=[])', 'log_cache_events': 'False', 'introspect': 'True', 'log_format': 'default', 'empty': 'None', 'send_anonymous_usage_stats': 'True', 'static_parser': 'True', 'indirect_selection': 'eager', 'printer_width': '80', 'debug': 'False', 'write_json': 'True', 'profiles_dir': '/home/codespace/.dbt', 'use_colors': 'True', 'warn_error': 'None'}
[0m21:14:59.808818 [info ] [MainThread]: dbt version: 1.11.7
[0m21:14:59.809771 [info ] [MainThread]: python version: 3.12.1
[0m21:14:59.810616 [info ] [MainThread]: python path: /usr/local/python/3.12.1/bin/python3
[0m21:14:59.811536 [info ] [MainThread]: os info: Linux-6.8.0-1044-azure-x86_64-with-glibc2.39
[0m21:15:01.932005 [info ] [MainThread]: Using profiles dir at /home/codespace/.dbt
[0m21:15:01.932790 [info ] [MainThread]: Using profiles.yml file at /home/codespace/.dbt/profiles.yml
[0m21:15:01.933459 [info ] [MainThread]: Using dbt_project.yml file at /workspaces/supply-chain-stockout-analytics/dbt_project.yml
[0m21:15:01.934118 [info ] [MainThread]: adapter type: bigquery
[0m21:15:01.934756 [info ] [MainThread]: adapter version: 1.11.1
[0m21:15:01.935360 [info ] [MainThread]: Configuration:
[0m21:15:01.935905 [info ] [MainThread]:   profiles.yml file [[32mOK found and valid[0m]
[0m21:15:01.936457 [info ] [MainThread]:   dbt_project.yml file [[31mERROR not found[0m]
[0m21:15:01.936977 [info ] [MainThread]: Required dependencies:
[0m21:15:01.937591 [debug] [MainThread]: Executing "git --help"
[0m21:15:01.944454 [debug] [MainThread]: STDOUT: "b"usage: git [-v | --version] [-h | --help] [-C <path>] [-c <name>=<value>]\n           [--exec-path[=<path>]] [--html-path] [--man-path] [--info-path]\n           [-p | --paginate | -P | --no-pager] [--no-replace-objects] [--no-lazy-fetch]\n           [--no-optional-locks] [--no-advice] [--bare] [--git-dir=<path>]\n           [--work-tree=<path>] [--namespace=<name>] [--config-env=<name>=<envvar>]\n           <command> [<args>]\n\nThese are common Git commands used in various situations:\n\nstart a working area (see also: git help tutorial)\n   clone      Clone a repository into a new directory\n   init       Create an empty Git repository or reinitialize an existing one\n\nwork on the current change (see also: git help everyday)\n   add        Add file contents to the index\n   mv         Move or rename a file, a directory, or a symlink\n   restore    Restore working tree files\n   rm         Remove files from the working tree and from the index\n\nexamine the history and state (see also: git help revisions)\n   bisect     Use binary search to find the commit that introduced a bug\n   diff       Show changes between commits, commit and working tree, etc\n   grep       Print lines matching a pattern\n   log        Show commit logs\n   show       Show various types of objects\n   status     Show the working tree status\n\ngrow, mark and tweak your common history\n   backfill   Download missing objects in a partial clone\n   branch     List, create, or delete branches\n   commit     Record changes to the repository\n   merge      Join two or more development histories together\n   rebase     Reapply commits on top of another base tip\n   reset      Reset current HEAD to the specified state\n   switch     Switch branches\n   tag        Create, list, delete or verify tags\n\ncollaborate (see also: git help workflows)\n   fetch      Download objects and refs from another repository\n   pull       Fetch from and integrate with another repository or a local branch\n   push       Update remote refs along with associated objects\n\n'git help -a' and 'git help -g' list available subcommands and some\nconcept guides. See 'git help <command>' or 'git help <concept>'\nto read about a specific subcommand or concept.\nSee 'git help git' for an overview of the system.\n""
[0m21:15:01.945057 [debug] [MainThread]: STDERR: "b''"
[0m21:15:01.945526 [info ] [MainThread]:  - git [[32mOK found[0m]

[0m21:15:01.946126 [info ] [MainThread]: Connection:
[0m21:15:01.946698 [info ] [MainThread]:   method: oauth
[0m21:15:01.947231 [info ] [MainThread]:   database: supply-chain-analytics-486803
[0m21:15:01.947771 [info ] [MainThread]:   execution_project: supply-chain-analytics-486803
[0m21:15:01.948324 [info ] [MainThread]:   schema: supply_chain_dbt
[0m21:15:01.948841 [info ] [MainThread]:   location: US
[0m21:15:01.949563 [info ] [MainThread]:   priority: interactive
[0m21:15:01.950137 [info ] [MainThread]:   maximum_bytes_billed: None
[0m21:15:01.950697 [info ] [MainThread]:   impersonate_service_account: None
[0m21:15:01.951383 [info ] [MainThread]:   job_retry_deadline_seconds: None
[0m21:15:01.952068 [info ] [MainThread]:   job_retries: 1
[0m21:15:01.952730 [info ] [MainThread]:   job_creation_timeout_seconds: None
[0m21:15:01.953485 [info ] [MainThread]:   job_execution_timeout_seconds: 300
[0m21:15:01.956073 [info ] [MainThread]:   timeout_seconds: 300
[0m21:15:01.956794 [info ] [MainThread]:   client_id: None
[0m21:15:01.957493 [info ] [MainThread]:   token_uri: None
[0m21:15:01.959608 [info ] [MainThread]:   compute_region: None
[0m21:15:01.960362 [info ] [MainThread]:   dataproc_cluster_name: None
[0m21:15:01.961353 [info ] [MainThread]:   gcs_bucket: None
[0m21:15:01.962087 [info ] [MainThread]:   dataproc_batch: None
[0m21:15:01.963031 [info ] [MainThread]: Registered adapter: bigquery=1.11.1
[0m21:15:02.201654 [debug] [MainThread]: Acquiring new bigquery connection 'debug'
[0m21:15:02.202352 [debug] [MainThread]: On debug: select 1 as id
[0m21:15:02.202879 [debug] [MainThread]: Opening a new connection, currently in state init
[0m21:15:02.208868 [debug] [MainThread]: BigQuery adapter: Got an error when attempting to create a bigquery " "client: 'Runtime Error
  Failed to authenticate with supplied credentials
  error:
  Your default credentials were not found. To set up Application Default Credentials, see https://cloud.google.com/docs/authentication/external/set-up-adc for more information.'
[0m21:15:02.209567 [debug] [MainThread]: BigQuery adapter: Unhandled error while running:
select 1 as id
[0m21:15:02.210062 [debug] [MainThread]: BigQuery adapter: Database Error
  Runtime Error
    Failed to authenticate with supplied credentials
    error:
    Your default credentials were not found. To set up Application Default Credentials, see https://cloud.google.com/docs/authentication/external/set-up-adc for more information.
[0m21:15:02.210544 [info ] [MainThread]:   Connection test: [[31mERROR[0m]

[0m21:15:02.211220 [info ] [MainThread]: [31m2 checks failed:[0m
[0m21:15:02.211844 [info ] [MainThread]: Project loading failed for the following reason:
 project path </workspaces/supply-chain-stockout-analytics/dbt_project.yml> not found

[0m21:15:02.212477 [info ] [MainThread]: dbt was unable to connect to the specified database.
The database returned the following error:

  >'NoneType' object has no attribute 'close'

Check your database credentials and try again. For more information, visit:
https://docs.getdbt.com/docs/configure-your-profile


[0m21:15:02.213328 [debug] [MainThread]: Resource report: {"command_name": "debug", "command_success": false, "command_wall_clock_time": 2.4952805, "process_in_blocks": "104", "process_kernel_time": 0.690408, "process_mem_max_rss": "242992", "process_out_blocks": "40", "process_user_time": 4.764014}
[0m21:15:02.214241 [debug] [MainThread]: Command `dbt debug` failed at 21:15:02.214119 after 2.50 seconds
[0m21:15:02.214768 [debug] [MainThread]: Sending event: {'category': 'dbt', 'action': 'invocation', 'label': 'end', 'context': [<snowplow_tracker.self_describing_json.SelfDescribingJson object at 0x75d099675640>, <snowplow_tracker.self_describing_json.SelfDescribingJson object at 0x75d0840c7e90>, <snowplow_tracker.self_describing_json.SelfDescribingJson object at 0x75d084514cb0>]}
[0m21:15:02.215370 [debug] [MainThread]: Flushing usage events
[0m21:15:02.489874 [debug] [MainThread]: An error was encountered while trying to flush usage events
